<?xml version="1.0" encoding="UTF-8"?>
<!-- Generated by org.testng.reporters.JUnitReportReporter -->
<testsuite skipped="0" hostname="ramsunkara" name="HRMConstants.AdminPOMClass" tests="1" failures="0" timestamp="06 Jun 2019 18:50:56 GMT" time="19.146" errors="0">
  <testcase name="adminLoginCheck" time="19.146" classname="HRMConstants.AdminPOMClass"/>
</testsuite> <!-- HRMConstants.AdminPOMClass -->
